[dotenv@17.2.3] injecting env (6) from .env -- tip: 👥 sync secrets across teammates & machines: https://dotenvx.com/ops
Server running in development mode on port 5000
MongoDB Connected: ac-9lkvsed-shard-00-00.dtp41ce.mongodb.net
[0mHEAD /admin/dashboard [36m302[0m 3.734 ms - 34[0m
[0mGET /admin/dashboard [36m302[0m 2.710 ms - 41[0m
[0mGET /admin/login [32m200[0m 6.622 ms - 2090[0m
[0mGET /css/style.css?v=1770886098824 [32m200[0m 5.534 ms - 8368[0m
[0mGET /favicon.ico [33m404[0m 3.800 ms - 150[0m
[0mPOST /api/auth/login [36m302[0m 132.884 ms - 45[0m
[0mGET /admin/dashboard [31m500[0m 2565.844 ms - 1685[0m
[0mGET / [36m304[0m 1.213 ms - -[0m
[0mGET /admin/certifications [32m200[0m 99.005 ms - 26139[0m
[0mGET /uploads/image-1770815843308-355735123.jpg [36m304[0m 1.783 ms - -[0m
[0mGET /assets/cert.png [33m404[0m 1.685 ms - 154[0m
[0mGET /css/style.css?v=1770886595954 [32m200[0m 4.117 ms - 6417[0m
[0mGET /uploads/image-1770811288019-449303635.png [36m304[0m 1.178 ms - -[0m
[0mGET /admin/certifications [32m200[0m 50.065 ms - 26139[0m
[0mGET /assets/cert.png [33m404[0m 1.297 ms - 154[0m
[0mGET /uploads/image-1770815843308-355735123.jpg [36m304[0m 3.264 ms - -[0m
[0mGET /css/style.css?v=1770886599548 [32m200[0m 5.455 ms - 6417[0m
[0mGET /uploads/image-1770811288019-449303635.png [36m304[0m 0.808 ms - -[0m
[0mGET / [36m304[0m 0.924 ms - -[0m
[0mGET /admin/login [36m302[0m 1.632 ms - 45[0m
[0mGET /admin/login [36m302[0m 1.441 ms - 45[0m
[0mGET /admin/dashboard [32m200[0m 510.392 ms - 46931[0m
[0mGET /css/style.css?v=1770890071993 [32m200[0m 1.945 ms - 6417[0m
[0mGET /uploads/image-1770815843308-355735123.jpg [36m304[0m 1.082 ms - -[0m
[0mGET /assets/cert.png [33m404[0m 0.891 ms - 154[0m
[0mGET /admin/dashboard [32m200[0m 535.017 ms - 46931[0m
[0mGET /css/style.css?v=1770890072531 [32m200[0m 2.464 ms - 6417[0m
[0mGET /uploads/image-1770815843308-355735123.jpg [36m304[0m 2.157 ms - -[0m
[0mGET /assets/cert.png [33m404[0m 0.867 ms - 154[0m
[0mGET / [36m304[0m 1.235 ms - -[0m
[0mGET / [36m304[0m 1.269 ms - -[0m
[0mGET /favicon.ico [33m404[0m 1.053 ms - 150[0m
[0mGET /api/about [36m304[0m 49.555 ms - -[0m
[0mGET /api/content?type=typing_role [36m304[0m 60.173 ms - -[0m
[0mGET /api/certifications [36m304[0m 68.769 ms - -[0m
[0mGET /api/categories?type=skill [36m304[0m 61.938 ms - -[0m
[0mGET /api/projects [36m304[0m 97.070 ms - -[0m
[0mGET /api/content?type=accomplishment [36m304[0m 47.201 ms - -[0m
[0mGET /api/content?type=strength [36m304[0m 52.992 ms - -[0m
[0mGET /api/skills [36m304[0m 113.753 ms - -[0m
[0mGET /api/about [36m304[0m 51.207 ms - -[0m
[0mGET /api/content?type=typing_role [36m304[0m 52.000 ms - -[0m
[0mGET /api/certifications [36m304[0m 55.916 ms - -[0m
[0mGET /api/categories?type=skill [36m304[0m 57.484 ms - -[0m
[0mGET /api/content?type=accomplishment [36m304[0m 49.970 ms - -[0m
[0mGET /api/content?type=strength [36m304[0m 51.269 ms - -[0m
[0mGET /api/about [36m304[0m 51.107 ms - -[0m
[0mGET /uploads/image-1770815843308-355735123.jpg [36m304[0m 0.616 ms - -[0m
[0mGET /api/projects [36m304[0m 104.351 ms - -[0m
[0mGET /uploads/image-1770811288019-449303635.png [36m304[0m 1.015 ms - -[0m
[0mGET /api/skills [36m304[0m 101.880 ms - -[0m
[0mGET /api/about [36m304[0m 47.292 ms - -[0m
[0mGET /api/about [36m304[0m 50.465 ms - -[0m
[0mGET /api/about [36m304[0m 45.524 ms - -[0m
[0mGET /api/content?type=typing_role [36m304[0m 51.790 ms - -[0m
[0mGET /api/categories?type=skill [36m304[0m 47.658 ms - -[0m
[0mGET /api/certifications [36m304[0m 54.603 ms - -[0m
[0mGET /api/about [36m304[0m 60.008 ms - -[0m
[0mGET /api/content?type=accomplishment [36m304[0m 50.384 ms - -[0m
[0mGET /api/skills [36m304[0m 101.731 ms - -[0m
[0mGET /api/projects [36m304[0m 110.085 ms - -[0m
[0mGET /api/categories?type=skill [36m304[0m 50.727 ms - -[0m
[0mGET /api/content?type=typing_role [36m304[0m 53.949 ms - -[0m
[0mGET /api/content?type=strength [36m304[0m 57.720 ms - -[0m
[0mGET /api/certifications [36m304[0m 47.122 ms - -[0m
[0mGET /api/content?type=accomplishment [36m304[0m 51.884 ms - -[0m
[0mGET /api/about [36m304[0m 63.786 ms - -[0m
[0mGET /api/content?type=strength [36m304[0m 50.107 ms - -[0m
[0mGET /uploads/image-1770815843308-355735123.jpg [36m304[0m 1.579 ms - -[0m
[0mGET /uploads/image-1770811288019-449303635.png [36m304[0m 1.195 ms - -[0m
[0mGET /api/skills [36m304[0m 98.004 ms - -[0m
[0mGET /api/projects [36m304[0m 102.142 ms - -[0m
[0mGET /api/about [36m304[0m 50.475 ms - -[0m
[0mGET /api/about [36m304[0m 54.388 ms - -[0m
[0mGET /api/about [36m304[0m 51.228 ms - -[0m
[0mGET /api/about [36m304[0m 49.915 ms - -[0m
[0mGET /admin/login [36m302[0m 1.541 ms - 45[0m
[0mGET /admin/login [36m302[0m 0.975 ms - 45[0m
[0mGET /admin/dashboard [32m200[0m 498.117 ms - 46931[0m
[0mGET /uploads/image-1770815843308-355735123.jpg [36m304[0m 0.828 ms - -[0m
[0mGET /css/style.css?v=1770890079904 [32m200[0m 3.670 ms - 6417[0m
[0mGET /assets/cert.png [33m404[0m 0.965 ms - 154[0m
[0mGET /admin/dashboard [32m200[0m 652.203 ms - 46931[0m
[0mGET /uploads/image-1770815843308-355735123.jpg [36m304[0m 1.010 ms - -[0m
[0mGET /css/style.css?v=1770890080561 [32m200[0m 3.051 ms - 6417[0m
[0mGET /assets/cert.png [33m404[0m 0.844 ms - 154[0m
[0mGET /favicon.ico [33m404[0m 1.333 ms - 150[0m
[0mGET / [36m304[0m 1.466 ms - -[0m
[0mGET / [36m304[0m 1.069 ms - -[0m
[0mGET /api/content?type=typing_role [36m304[0m 58.960 ms - -[0m
[0mGET /api/about [36m304[0m 63.474 ms - -[0m
[0mGET /api/certifications [36m304[0m 66.371 ms - -[0m
[0mGET /api/content?type=accomplishment [36m304[0m 47.581 ms - -[0m
[0mGET /api/projects [36m304[0m 117.523 ms - -[0m
[0mGET /api/content?type=strength [36m304[0m 51.441 ms - -[0m
[0mGET /api/content?type=typing_role [36m304[0m 52.931 ms - -[0m
[0mGET /api/about [36m304[0m 45.527 ms - -[0m
[0mGET /api/certifications [36m304[0m 50.776 ms - -[0m
[0mGET /api/content?type=accomplishment [36m304[0m 52.378 ms - -[0m
[0mGET /api/content?type=strength [36m304[0m 50.316 ms - -[0m
[0mGET /api/about [36m304[0m 48.226 ms - -[0m
[0mGET /api/projects [36m304[0m 106.808 ms - -[0m
[0mGET /api/content?type=typing_role [36m304[0m 63.768 ms - -[0m
[0mGET /api/certifications [36m304[0m 45.491 ms - -[0m
[0mGET /api/content?type=strength [36m304[0m 52.920 ms - -[0m
[0mGET /api/content?type=accomplishment [36m304[0m 55.994 ms - -[0m
[0mGET /api/about [36m304[0m 59.476 ms - -[0m
[0mGET /api/categories?type=skill [36m304[0m 330.598 ms - -[0m
[0mGET /uploads/image-1770815843308-355735123.jpg [36m304[0m 1.141 ms - -[0m
[0mGET /api/content?type=typing_role [36m304[0m 51.753 ms - -[0m
[0mGET /uploads/image-1770811288019-449303635.png [36m304[0m 2.394 ms - -[0m
[0mGET /api/certifications [36m304[0m 60.333 ms - -[0m
[0mGET /api/projects [36m304[0m 93.064 ms - -[0m
[0mGET /api/content?type=strength [36m304[0m 52.698 ms - -[0m
[0mGET /api/content?type=accomplishment [36m304[0m 50.718 ms - -[0m
[0mGET /api/about [36m304[0m 53.135 ms - -[0m
[0mGET /api/categories?type=skill [36m304[0m 45.494 ms - -[0m
[0mGET /api/about [36m304[0m 46.198 ms - -[0m
[0mGET /api/projects [36m304[0m 96.025 ms - -[0m
[0mGET /api/categories?type=skill [36m304[0m 50.712 ms - -[0m
[0mGET /api/skills [36m304[0m 479.256 ms - -[0m
[0mGET /api/about [36m304[0m 44.496 ms - -[0m
[0mGET /api/categories?type=skill [36m304[0m 50.188 ms - -[0m
[0mGET /uploads/image-1770815843308-355735123.jpg [36m304[0m 0.935 ms - -[0m
[0mGET /uploads/image-1770811288019-449303635.png [36m304[0m 0.534 ms - -[0m
[0mGET /api/about [36m304[0m 45.617 ms - -[0m
[0mGET /api/skills [36m304[0m 99.165 ms - -[0m
[0mGET /api/about [36m304[0m 44.347 ms - -[0m
[0mGET /api/about [36m304[0m 51.491 ms - -[0m
[0mGET /api/skills [36m304[0m 97.432 ms - -[0m
[0mGET /api/about [36m304[0m 54.384 ms - -[0m
[0mGET /api/about [36m304[0m 53.294 ms - -[0m
[0mGET /api/skills [36m304[0m 112.146 ms - -[0m
[0mGET /api/content?type=typing_role [36m304[0m 55.262 ms - -[0m
[0mGET /api/about [36m304[0m 55.664 ms - -[0m
[0mGET /api/certifications [36m304[0m 58.227 ms - -[0m
[0mGET /api/categories?type=skill [36m304[0m 57.898 ms - -[0m
[0mGET /api/content?type=strength [36m304[0m 64.549 ms - -[0m
[0mGET /api/skills [36m304[0m 116.287 ms - -[0m
[0mGET /api/content?type=accomplishment [36m304[0m 70.286 ms - -[0m
[0mGET /api/projects [36m304[0m 123.848 ms - -[0m
[0mGET /api/content?type=typing_role [36m304[0m 60.864 ms - -[0m
[0mGET /api/about [36m304[0m 62.687 ms - -[0m
[0mGET /api/certifications [36m304[0m 59.419 ms - -[0m
[0mGET /api/categories?type=skill [36m304[0m 60.934 ms - -[0m
[0mGET /api/content?type=accomplishment [36m304[0m 61.780 ms - -[0m
[0mGET /api/content?type=strength [36m304[0m 66.303 ms - -[0m
[0mGET /api/projects [36m304[0m 103.042 ms - -[0m
[0mGET /api/skills [36m304[0m 114.129 ms - -[0m
[0mGET /api/about [36m304[0m 50.963 ms - -[0m
[0mGET /api/certifications [36m304[0m 52.043 ms - -[0m
[0mGET /api/categories?type=skill [36m304[0m 52.856 ms - -[0m
[0mGET /api/content?type=typing_role [36m304[0m 55.934 ms - -[0m
[0mGET /api/content?type=accomplishment [36m304[0m 52.706 ms - -[0m
[0mGET /api/content?type=strength [36m304[0m 52.382 ms - -[0m
[0mGET /api/about [36m304[0m 53.602 ms - -[0m
[0mGET /api/certifications [36m304[0m 54.721 ms - -[0m
[0mGET /api/categories?type=skill [36m304[0m 54.839 ms - -[0m
[0mGET /api/content?type=typing_role [36m304[0m 52.692 ms - -[0m
[0mGET /api/skills [36m304[0m 102.665 ms - -[0m
[0mGET /api/content?type=accomplishment [36m304[0m 48.976 ms - -[0m
[0mGET /api/projects [36m304[0m 109.906 ms - -[0m
[0mGET /uploads/image-1770815843308-355735123.jpg [36m304[0m 3.412 ms - -[0m
[0mGET /uploads/image-1770811288019-449303635.png [36m304[0m 1.130 ms - -[0m
[0mGET /api/content?type=strength [36m304[0m 55.736 ms - -[0m
[0mGET /api/about [36m304[0m 47.418 ms - -[0m
[0mGET /api/about [36m304[0m 44.993 ms - -[0m
[0mGET /uploads/image-1770815843308-355735123.jpg [36m304[0m 1.919 ms - -[0m
[0mGET /uploads/image-1770811288019-449303635.png [36m304[0m 0.682 ms - -[0m
[0mGET /api/skills [36m304[0m 99.913 ms - -[0m
[0mGET /api/projects [36m304[0m 103.413 ms - -[0m
[0mGET /api/about [36m304[0m 49.963 ms - -[0m
[0mGET /api/about [36m304[0m 45.339 ms - -[0m
[0mGET /api/about [36m304[0m 54.020 ms - -[0m
[0mGET /api/about [36m304[0m 47.762 ms - -[0m
[0mGET /api/about [36m304[0m 48.139 ms - -[0m
[0mGET /api/about [36m304[0m 46.951 ms - -[0m
[0mGET /api/auth/logout [36m302[0m 1.001 ms - 41[0m
[0mGET /admin/login [32m200[0m 2.211 ms - 2090[0m
[0mGET /css/style.css?v=1770890105380 [32m200[0m 1.371 ms - 6417[0m
[0mPOST /api/auth/login [36m302[0m 204.412 ms - 45[0m
[0mGET /admin/dashboard [32m200[0m 695.673 ms - 46931[0m
[0mGET /assets/cert.png [33m404[0m 1.109 ms - 154[0m
[0mGET /uploads/image-1770815843308-355735123.jpg [36m304[0m 2.999 ms - -[0m
[0mGET /css/style.css?v=1770890112034 [32m200[0m 5.460 ms - 6417[0m
[0mGET /admin/dashboard [32m200[0m 391.196 ms - 46931[0m
[0mGET /uploads/image-1770815843308-355735123.jpg [36m304[0m 0.599 ms - -[0m
[0mGET /css/style.css?v=1770890118430 [32m200[0m 2.579 ms - 6417[0m
[0mGET /assets/cert.png [33m404[0m 1.639 ms - 154[0m
[0mGET /admin/contacts [32m200[0m 151.307 ms - 6052[0m
[0mGET /css/style.css?v=1770890120026 [32m200[0m 1.601 ms - 6417[0m
[0mGET /admin/spotlight [32m200[0m 106.633 ms - 17926[0m
[0mGET /css/style.css?v=1770890121097 [32m200[0m 1.366 ms - 6417[0m
[0mGET /admin/projects [32m200[0m 203.930 ms - 25335[0m
[0mGET /css/style.css?v=1770890122141 [32m200[0m 1.548 ms - 6417[0m
[0mGET /admin/certifications [32m200[0m 54.895 ms - 26139[0m
[0mGET /uploads/image-1770815843308-355735123.jpg [36m304[0m 1.334 ms - -[0m
[0mGET /assets/cert.png [33m404[0m 1.988 ms - 154[0m
[0mGET /css/style.css?v=1770890123412 [32m200[0m 4.021 ms - 6417[0m
[0mGET /uploads/image-1770811288019-449303635.png [36m304[0m 0.865 ms - -[0m
[0mGET /admin/categories [32m200[0m 53.993 ms - 28221[0m
[0mGET /css/style.css?v=1770890124148 [32m200[0m 1.603 ms - 6417[0m
[0mGET /admin/content [32m200[0m 259.555 ms - 73670[0m
[0mGET /css/style.css?v=1770890125025 [32m200[0m 2.039 ms - 6417[0m
[0mGET /admin/settings [32m200[0m 158.280 ms - 119911[0m
[0mGET /css/style.css?v=1770890125757 [32m200[0m 2.416 ms - 6417[0m
[0mPOST /admin/security/verify [33m401[0m 335.571 ms - 79[0m
[0mPOST /admin/security/verify [32m200[0m 287.841 ms - 37[0m
[0mGET /admin/dashboard [31m500[0m 395.008 ms - 2366[0m
[0mGET /admin/settings [32m200[0m 172.918 ms - 119911[0m
[0mGET /css/style.css?v=1770890382774 [32m200[0m 2.064 ms - 6417[0m
[0mGET /favicon.ico [33m404[0m 1.167 ms - 150[0m
[0mGET /admin/dashboard [31m500[0m 431.509 ms - 2366[0m
[0mGET /admin/dashboard [31m500[0m 443.648 ms - 2366[0m
[0mGET /admin/dashboard [31m500[0m 450.374 ms - 2366[0m
[0mGET /favicon.ico [33m404[0m 0.881 ms - 150[0m
[0mGET /api/auth/logout [36m302[0m 2.101 ms - 41[0m
[0mGET /admin/login [32m200[0m 1.811 ms - 2090[0m
[0mGET /css/style.css?v=1770890439000 [32m200[0m 1.487 ms - 6417[0m
[0mPOST /api/auth/login [36m302[0m 232.874 ms - 45[0m
[0mGET /admin/dashboard [31m500[0m 434.149 ms - 2366[0m
[0mGET /admin/dashboard [31m500[0m 436.844 ms - 2366[0m
[0mHEAD /admin/dashboard [36m302[0m 0.720 ms - 34[0m
[0mHEAD /admin/login [32m200[0m 1.192 ms - 2090[0m
[0mGET /admin/dashboard [31m500[0m 379.856 ms - 2366[0m
[0mGET /admin/login [32m200[0m 2.201 ms - 2090[0m
[0mGET /css/style.css?v=1770890575301 [32m200[0m 2.751 ms - 6417[0m
[0mGET /favicon.ico [33m404[0m 0.906 ms - 150[0m
[0mPOST /api/auth/login [36m302[0m 186.118 ms - 45[0m
[0mGET /admin/dashboard [31m500[0m 402.381 ms - 2366[0m
[0mGET /admin/dashboard [0m-[0m - ms - -[0m
[0mGET /admin/dashboard [31m500[0m 165.615 ms - 2366[0m
[0mGET /admin/dashboard [0m-[0m - ms - -[0m
[0mGET /admin/dashboard [0m-[0m - ms - -[0m
[0mGET /admin/dashboard [0m-[0m - ms - -[0m
[0mGET /admin/dashboard [0m-[0m - ms - -[0m
[0mGET /admin/dashboard [0m-[0m - ms - -[0m
[0mGET /admin/dashboard [31m500[0m 566.861 ms - 2366[0m
[0mGET /admin/dashboard [36m302[0m 0.770 ms - 34[0m
[0mGET /admin/login [32m200[0m 1.166 ms - 2090[0m
[0mGET /admin/dashboard [31m500[0m 413.074 ms - 2207[0m
[0mGET / [32m200[0m 1.073 ms - 17[0m
[0mGET /favicon.ico [33m404[0m 0.933 ms - 150[0m
[0mGET /api/content?type=typing_role [36m304[0m 61.649 ms - -[0m
[0mGET /api/certifications [36m304[0m 57.454 ms - -[0m
[0mGET /api/about [36m304[0m 64.177 ms - -[0m
[0mGET /api/categories?type=skill [36m304[0m 59.127 ms - -[0m
[0mGET /api/projects [36m304[0m 108.782 ms - -[0m
[0mGET /api/skills [36m304[0m 123.157 ms - -[0m
[0mGET /api/content?type=typing_role [36m304[0m 57.838 ms - -[0m
[0mGET /api/content?type=strength [36m304[0m 61.053 ms - -[0m
[0mGET /api/content?type=accomplishment [36m304[0m 64.099 ms - -[0m
[0mGET /api/certifications [36m304[0m 62.291 ms - -[0m
[0mGET /api/about [36m304[0m 50.559 ms - -[0m
[0mGET /api/categories?type=skill [36m304[0m 52.186 ms - -[0m
[0mGET /api/content?type=strength [36m304[0m 54.068 ms - -[0m
[0mGET /api/content?type=typing_role [36m304[0m 56.832 ms - -[0m
[0mGET /api/content?type=accomplishment [36m304[0m 52.540 ms - -[0m
[0mGET /api/certifications [36m304[0m 50.185 ms - -[0m
[0mGET /api/projects [36m304[0m 101.203 ms - -[0m
[0mGET /api/skills [36m304[0m 104.546 ms - -[0m
[0mGET /api/about [36m304[0m 51.007 ms - -[0m
[0mGET /api/categories?type=skill [36m304[0m 51.525 ms - -[0m
[0mGET /api/content?type=strength [36m304[0m 49.217 ms - -[0m
[0mGET /api/content?type=typing_role [36m304[0m 62.068 ms - -[0m
[0mGET /api/certifications [36m304[0m 52.134 ms - -[0m
[0mGET /api/about [36m304[0m 87.532 ms - -[0m
[0mGET /api/categories?type=skill [36m304[0m 60.081 ms - -[0m
[0mGET /api/content?type=strength [36m304[0m 58.565 ms - -[0m
[0mGET /api/projects [36m304[0m 124.595 ms - -[0m
[0mGET /api/skills [36m304[0m 126.806 ms - -[0m
[0mGET /api/projects [0m-[0m - ms - -[0m
[0mGET /api/content?type=accomplishment [0m-[0m - ms - -[0m
[0mGET /api/about [36m304[0m 52.035 ms - -[0m
[0mGET /uploads/image-1770815843308-355735123.jpg [36m304[0m 1.164 ms - -[0m
[0mGET /uploads/image-1770811288019-449303635.png [36m304[0m 1.180 ms - -[0m
[0mGET /api/content?type=accomplishment [32m200[0m 52.369 ms - 598[0m
[0mGET /api/about [36m304[0m 60.090 ms - -[0m
[0mGET /api/skills [36m304[0m 107.416 ms - -[0m
[0mGET /api/about [36m304[0m 52.882 ms - -[0m
[0mGET /api/about [36m304[0m 51.038 ms - -[0m
[0mGET /admin/login [36m302[0m 0.983 ms - 45[0m
[0mGET /admin/login [36m302[0m 1.121 ms - 45[0m
[0mGET /admin/dashboard [32m200[0m 402.903 ms - 46931[0m
[0mGET /uploads/image-1770815843308-355735123.jpg [36m304[0m 0.590 ms - -[0m
[0mGET /css/style.css?v=1770891172160 [32m200[0m 3.340 ms - 6417[0m
[0mGET /assets/cert.png [33m404[0m 0.964 ms - 154[0m
[0mGET /admin/dashboard [32m200[0m 269.402 ms - 46931[0m
[0mGET /uploads/image-1770815843308-355735123.jpg [36m304[0m 0.682 ms - -[0m
[0mGET /css/style.css?v=1770891172432 [32m200[0m 2.309 ms - 6417[0m
[0mGET /assets/cert.png [33m404[0m 0.917 ms - 154[0m
[0mGET /favicon.ico [33m404[0m 0.891 ms - 150[0m
[0mGET /admin/settings [32m200[0m 154.511 ms - 119911[0m
[0mGET /css/style.css?v=1770891189339 [32m200[0m 1.450 ms - 6417[0m
[0mGET /admin/dashboard [32m200[0m 390.310 ms - 46931[0m
[0mGET /uploads/image-1770815843308-355735123.jpg [36m304[0m 2.059 ms - -[0m
[0mGET /assets/cert.png [33m404[0m 1.873 ms - 154[0m
[0mGET /css/style.css?v=1770891195752 [32m200[0m 6.542 ms - 6417[0m
[0mGET /admin/dashboard [36m302[0m 1.034 ms - 41[0m
[0mGET /admin/login [32m200[0m 1.761 ms - 2090[0m
[0mGET /css/style.css?v=1770891424021 [32m200[0m 1.216 ms - 6417[0m
[0mGET /favicon.ico [33m404[0m 0.675 ms - 150[0m
[0mPOST /api/auth/login [36m302[0m 205.691 ms - 45[0m
[0mGET /admin/dashboard [32m200[0m 168.031 ms - 46931[0m
[0mGET /assets/cert.png [33m404[0m 1.132 ms - 154[0m
[0mGET /css/style.css?v=1770891434998 [32m200[0m 4.314 ms - 6417[0m
[0mGET /uploads/image-1770815843308-355735123.jpg [32m200[0m 3.585 ms - 198982[0m
[0mGET /admin/dashboard [32m200[0m 466.476 ms - 46931[0m
[0mGET /css/style.css?v=1770891478010 [32m200[0m 2.292 ms - 6417[0m
[0mGET /uploads/image-1770815843308-355735123.jpg [36m304[0m 3.398 ms - -[0m
[0mGET /assets/cert.png [33m404[0m 2.970 ms - 154[0m
[0mGET /admin/contacts [32m200[0m 530.702 ms - 6052[0m
[0mGET /css/style.css?v=1770891479612 [32m200[0m 2.804 ms - 6417[0m
[0mGET /admin/spotlight [32m200[0m 110.624 ms - 17926[0m
[0mGET /css/style.css?v=1770891483096 [32m200[0m 1.520 ms - 6417[0m
[0mGET /admin/projects [32m200[0m 214.994 ms - 25335[0m
[0mGET /css/style.css?v=1770891520727 [32m200[0m 2.248 ms - 6417[0m
[0mGET /admin/projects?category=698c8eed219474d564e44a55&search= [32m200[0m 280.701 ms - 19709[0m
[0mGET /css/style.css?v=1770891539570 [32m200[0m 1.596 ms - 6417[0m
[0mGET /admin/projects?category=all&search= [32m200[0m 215.050 ms - 25335[0m
[0mGET /css/style.css?v=1770891544350 [32m200[0m 3.131 ms - 6417[0m
[0mGET /admin/projects [32m200[0m 210.172 ms - 25335[0m
[0mGET /css/style.css?v=1770891545833 [32m200[0m 2.390 ms - 6417[0m
[0mGET /admin/certifications [32m200[0m 61.464 ms - 26139[0m
[0mGET /uploads/image-1770815843308-355735123.jpg [36m304[0m 4.813 ms - -[0m
[0mGET /css/style.css?v=1770891546707 [32m200[0m 7.043 ms - 6417[0m
[0mGET /assets/cert.png [33m404[0m 4.806 ms - 154[0m
[0mGET /uploads/image-1770811288019-449303635.png [32m200[0m 8.002 ms - 1104218[0m
[0mGET /admin/categories [32m200[0m 58.591 ms - 28221[0m
[0mGET /css/style.css?v=1770891553466 [32m200[0m 2.474 ms - 6417[0m
[0mGET /admin/certifications [32m200[0m 60.618 ms - 26139[0m
[0mGET /css/style.css?v=1770891558480 [32m200[0m 1.397 ms - 6417[0m
[0mGET /uploads/image-1770815843308-355735123.jpg [36m304[0m 1.780 ms - -[0m
[0mGET /uploads/image-1770811288019-449303635.png [36m304[0m 0.965 ms - -[0m
[0mGET /assets/cert.png [33m404[0m 2.644 ms - 154[0m
[0mGET /admin/categories [32m200[0m 56.797 ms - 28221[0m
[0mGET /css/style.css?v=1770891559972 [32m200[0m 2.403 ms - 6417[0m
[0mGET /admin/content [32m200[0m 273.493 ms - 73670[0m
[0mGET /css/style.css?v=1770891560898 [32m200[0m 1.553 ms - 6417[0m
[0mGET /admin/projects [32m200[0m 217.715 ms - 25335[0m
[0mGET /css/style.css?v=1770891569605 [32m200[0m 2.809 ms - 6417[0m
[0mGET /admin/categories [32m200[0m 57.485 ms - 28221[0m
[0mGET /css/style.css?v=1770891572308 [32m200[0m 1.657 ms - 6417[0m
[0mGET /admin/content [32m200[0m 348.479 ms - 73670[0m
[0mGET /css/style.css?v=1770891587517 [32m200[0m 2.694 ms - 6417[0m
[0mPOST /admin/content [36m302[0m 110.675 ms - 43[0m
[0mGET /admin/content [32m200[0m 388.287 ms - 75183[0m
[0mGET /css/style.css?v=1770891600423 [32m200[0m 1.792 ms - 6417[0m
[0mGET /api/about [32m200[0m 69.330 ms - 1029[0m
[0mGET /api/categories?type=skill [32m200[0m 69.803 ms - 1275[0m
[0mGET /api/content?type=typing_role [32m200[0m 75.336 ms - 704[0m
[0mGET /api/certifications [32m200[0m 78.974 ms - 959[0m
[0mGET /api/skills [32m200[0m 162.665 ms - 5771[0m
[0mGET /api/projects [32m200[0m 169.221 ms - 1502[0m
[0mGET /api/content?type=strength [32m200[0m 88.839 ms - 1093[0m
[0mGET /api/about [32m200[0m 91.379 ms - 1029[0m
[0mGET /api/content?type=accomplishment [32m200[0m 93.053 ms - 758[0m
[0mGET /api/content?type=typing_role [32m200[0m 94.435 ms - 704[0m
[0mGET /api/about [32m200[0m 66.939 ms - 1029[0m
[0mGET /api/categories?type=skill [32m200[0m 68.854 ms - 1275[0m
[0mGET /api/content?type=accomplishment [32m200[0m 69.932 ms - 758[0m
[0mGET /api/certifications [32m200[0m 74.222 ms - 959[0m
[0mGET /api/skills [32m200[0m 116.628 ms - 5771[0m
[0mGET /uploads/image-1770815843308-355735123.jpg [32m200[0m 1.677 ms - 198982[0m
[0mGET /api/projects [32m200[0m 126.504 ms - 1502[0m
[0mGET /api/content?type=strength [32m200[0m 54.160 ms - 1093[0m
[0mGET /uploads/image-1770811288019-449303635.png [32m200[0m 3.697 ms - 1104218[0m
[0mGET /api/about [32m200[0m 73.849 ms - 1029[0m
[0mGET /api/about [32m200[0m 77.029 ms - 1029[0m
[0mGET /api/about [32m200[0m 79.626 ms - 1029[0m
[0mPOST /admin/content/update/698da94f87b99f8e821d9137 [36m302[0m 58.766 ms - 93[0m
[0mGET /admin/content?message=Content%20updated&tab=accomplishments [32m200[0m 647.997 ms - 75517[0m
[0mGET /css/style.css?v=1770891616193 [32m200[0m 1.681 ms - 6417[0m
[0mGET /api/about [32m200[0m 91.143 ms - 1029[0m
[0mGET /api/content?type=typing_role [32m200[0m 96.135 ms - 704[0m
[0mGET /api/categories?type=skill [32m200[0m 96.798 ms - 1275[0m
[0mGET /api/certifications [32m200[0m 99.804 ms - 959[0m
[0mGET /api/projects [32m200[0m 145.521 ms - 1502[0m
[0mGET /api/content?type=strength [32m200[0m 118.729 ms - 1093[0m
[0mGET /api/about [32m200[0m 121.882 ms - 1029[0m
[0mGET /api/content?type=typing_role [32m200[0m 123.533 ms - 704[0m
[0mGET /api/content?type=accomplishment [32m200[0m 127.721 ms - 755[0m
[0mGET /api/certifications [32m200[0m 55.774 ms - 959[0m
[0mGET /api/categories?type=skill [32m200[0m 58.085 ms - 1275[0m
[0mGET /api/skills [32m200[0m 124.624 ms - 5771[0m
[0mGET /api/content?type=accomplishment [32m200[0m 66.528 ms - 755[0m
[0mGET /api/content?type=strength [32m200[0m 65.314 ms - 1093[0m
[0mGET /api/about [32m200[0m 51.679 ms - 1029[0m
[0mGET /api/about [32m200[0m 53.253 ms - 1029[0m
[0mGET /uploads/image-1770815843308-355735123.jpg [32m200[0m 3.205 ms - 198982[0m
[0mGET /uploads/image-1770811288019-449303635.png [32m200[0m 2.917 ms - 1104218[0m
[0mGET /api/about [32m200[0m 351.558 ms - 1029[0m
[0mGET /api/projects [32m200[0m 454.439 ms - 1502[0m
[0mGET /api/about [32m200[0m 360.913 ms - 1029[0m
[0mGET /api/skills [32m200[0m 880.178 ms - 5771[0m
[0mPOST /admin/content/delete/698da94f87b99f8e821d9137 [36m302[0m 69.174 ms - 43[0m
[0mGET /admin/content [32m200[0m 268.088 ms - 73670[0m
[0mGET /css/style.css?v=1770891624347 [32m200[0m 1.829 ms - 6417[0m
[0mGET /admin/settings [32m200[0m 235.763 ms - 119911[0m
[0mGET /css/style.css?v=1770891655878 [32m200[0m 1.814 ms - 6417[0m
[0mPOST /admin/security/verify [32m200[0m 411.589 ms - 37[0m
[0mGET /admin/dashboard [36m302[0m 1.141 ms - 41[0m
[0mGET /admin/login [32m200[0m 1.390 ms - 2090[0m
[0mGET /css/style.css?v=1770891716421 [32m200[0m 1.466 ms - 6417[0m
[0mGET /favicon.ico [33m404[0m 0.759 ms - 150[0m
[0mPOST /api/auth/login [36m302[0m 200.540 ms - 45[0m
[0mGET /admin/dashboard [32m200[0m 803.270 ms - 46931[0m
[0mGET /css/style.css?v=1770891726206 [32m200[0m 2.297 ms - 6417[0m
[0mGET /assets/cert.png [33m404[0m 2.358 ms - 154[0m
[0mGET /uploads/image-1770815843308-355735123.jpg [32m200[0m 3.849 ms - 198982[0m
[0mPOST /admin/security/verify [32m200[0m 366.816 ms - 37[0m
[0mPOST /admin/security/clear-dashboard [32m200[0m 251.710 ms - 52[0m
[0mGET /admin/settings [32m200[0m 575.652 ms - 119911[0m
[0mGET /css/style.css?v=1770891792396 [32m200[0m 2.067 ms - 6417[0m
[0mGET /admin/dashboard [32m200[0m 1360.729 ms - 28128[0m
[0mGET /css/style.css?v=1770891793600 [32m200[0m 2.575 ms - 6417[0m
[0mGET /assets/cert.png [33m404[0m 1.597 ms - 154[0m
[0mGET /uploads/image-1770815843308-355735123.jpg [32m200[0m 3.119 ms - 198982[0m
[0mGET /favicon.ico [33m404[0m 1.276 ms - 150[0m
[0mPOST /admin/security/lock [32m200[0m 160.279 ms - 65[0m
[0mGET /admin/settings [32m200[0m 225.795 ms - 119911[0m
[0mGET /css/style.css?v=1770891882606 [32m200[0m 1.879 ms - 6417[0m
[0mGET /admin/dashboard [32m200[0m 1128.592 ms - 28128[0m
[0mGET /css/style.css?v=1770891898797 [32m200[0m 1.668 ms - 6417[0m
[0mGET /uploads/image-1770815843308-355735123.jpg [36m304[0m 1.391 ms - -[0m
[0mGET /assets/cert.png [33m404[0m 1.740 ms - 154[0m
[0mGET /api/auth/logout [36m302[0m 1.144 ms - 41[0m
[0mGET /admin/login [32m200[0m 2.496 ms - 2090[0m
[0mGET /css/style.css?v=1770891920244 [32m200[0m 1.578 ms - 6417[0m
[0mGET /api/auth/logout [36m302[0m 1.460 ms - 41[0m
[0mGET /admin/login [32m200[0m 3.169 ms - 2090[0m
[0mGET /css/style.css?v=1770891944607 [32m200[0m 2.487 ms - 6417[0m
[0mGET /admin/dashboard [32m200[0m 443.860 ms - 28128[0m
[0mGET /css/style.css?v=1770892068020 [32m200[0m 5.916 ms - 6417[0m
[0mGET /assets/cert.png [33m404[0m 2.234 ms - 154[0m
[0mGET /uploads/image-1770815843308-355735123.jpg [36m304[0m 2.889 ms - -[0m
[0mGET /favicon.ico [33m404[0m 1.226 ms - 150[0m
[0mGET /css/style.css?v=1770892068020 [36m304[0m 0.977 ms - -[0m
[0mGET /.well-known/appspecific/com.chrome.devtools.json [33m404[0m 0.899 ms - 187[0m
[0mGET /.well-known/appspecific/com.chrome.devtools.json [33m404[0m 0.983 ms - 187[0m
[0mGET /admin/dashboard [32m200[0m 406.757 ms - 28683[0m
[0mGET /css/style.css?v=1770892869740 [32m200[0m 1.290 ms - 6417[0m
[0mGET /uploads/image-1770815843308-355735123.jpg [32m200[0m 2.206 ms - 198982[0m
[0mGET /assets/cert.png [33m404[0m 0.970 ms - 154[0m
[0mGET /favicon.ico [33m404[0m 1.136 ms - 150[0m
[0mGET /api/auth/logout [36m302[0m 0.840 ms - 41[0m
[0mGET /admin/login [32m200[0m 2.175 ms - 2090[0m
[0mGET /css/style.css?v=1770892877568 [32m200[0m 1.224 ms - 6417[0m
[0mPOST /api/auth/login [36m302[0m 205.956 ms - 45[0m
[0mGET /admin/dashboard [32m200[0m 176.113 ms - 28683[0m
[0mGET /uploads/image-1770815843308-355735123.jpg [36m304[0m 1.926 ms - -[0m
[0mGET /assets/cert.png [33m404[0m 2.624 ms - 154[0m
[0mGET /css/style.css?v=1770892885580 [32m200[0m 6.769 ms - 6417[0m
[0mGET /admin/dashboard [31m500[0m 221.499 ms - 2557[0m
[0mGET /admin/dashboard [31m500[0m 438.673 ms - 2557[0m
[0mGET /admin/dashboard [31m500[0m 208.990 ms - 2557[0m
[0mGET /admin/dashboard [31m500[0m 400.042 ms - 2557[0m
[0mGET /admin/dashboard [31m500[0m 428.499 ms - 2557[0m
[0mGET /admin/dashboard [31m500[0m 481.506 ms - 2557[0m
[0mGET /admin/dashboard [32m200[0m 478.818 ms - 28683[0m
[0mGET /css/style.css?v=1770893708923 [32m200[0m 1.337 ms - 6417[0m
[0mGET /uploads/image-1770815843308-355735123.jpg [32m200[0m 1.519 ms - 198982[0m
[0mGET /assets/cert.png [33m404[0m 0.779 ms - 154[0m
[0mGET /favicon.ico [33m404[0m 0.815 ms - 150[0m
[0mGET /admin/dashboard [32m200[0m 419.093 ms - 31949[0m
[0mGET /uploads/image-1770815843308-355735123.jpg [36m304[0m 1.159 ms - -[0m
[0mGET /assets/cert.png [33m404[0m 0.824 ms - 154[0m
[0mGET /css/style.css?v=1770894030358 [32m200[0m 4.339 ms - 6417[0m
[0mGET /admin/contacts [32m200[0m 147.932 ms - 6052[0m
[0mGET /css/style.css?v=1770894042079 [32m200[0m 1.645 ms - 6417[0m
[0mGET /api/auth/logout [36m302[0m 1.222 ms - 41[0m
[0mGET /admin/login [32m200[0m 1.509 ms - 2090[0m
[0mGET /css/style.css?v=1770894057839 [32m200[0m 1.281 ms - 6417[0m
[0mPOST /api/auth/login [36m302[0m 199.968 ms - 45[0m
[0mGET /admin/dashboard [32m200[0m 381.773 ms - 31949[0m
[0mGET /assets/cert.png [33m404[0m 0.958 ms - 154[0m
[0mGET /uploads/image-1770815843308-355735123.jpg [36m304[0m 1.422 ms - -[0m
[0mGET /css/style.css?v=1770894070812 [32m200[0m 3.879 ms - 6417[0m
[0mPOST /api/contact [32m201[0m 62.499 ms - 342[0m
[0mPOST /api/contact [32m201[0m 47.072 ms - 333[0m
[0mGET /admin/dashboard [32m200[0m 696.569 ms - 37945[0m
[0mGET /assets/cert.png [33m404[0m 0.634 ms - 154[0m
[0mGET /uploads/image-1770815843308-355735123.jpg [36m304[0m 2.837 ms - -[0m
[0mGET /css/style.css?v=1770894092486 [32m200[0m 5.527 ms - 6417[0m
[0mGET /admin/contacts [32m200[0m 141.889 ms - 12766[0m
[0mGET /css/style.css?v=1770894103811 [32m200[0m 1.277 ms - 6417[0m
[0mGET /admin/contacts/698db30687b99f8e821d96e1 [32m200[0m 94.064 ms - 6225[0m
[0mGET /css/style.css?v=1770894107193 [32m200[0m 1.553 ms - 6417[0m
[0mGET /admin/contacts [32m200[0m 141.321 ms - 12115[0m
[0mGET /css/style.css?v=1770894109846 [32m200[0m 1.479 ms - 6417[0m
[0mGET /admin/dashboard [32m200[0m 192.296 ms - 37945[0m
[0mGET /assets/cert.png [33m404[0m 0.671 ms - 154[0m
[0mGET /uploads/image-1770815843308-355735123.jpg [36m304[0m 1.983 ms - -[0m
[0mGET /css/style.css?v=1770894111801 [32m200[0m 3.543 ms - 6417[0m
[0mGET /admin/dashboard [32m200[0m 147.618 ms - 37263[0m
[0mGET /css/style.css?v=1770894366825 [32m200[0m 1.191 ms - 6417[0m
[0mGET /uploads/image-1770815843308-355735123.jpg [32m200[0m 2.097 ms - 198982[0m
[0mGET /assets/cert.png [33m404[0m 0.817 ms - 154[0m
[0mGET /favicon.ico [33m404[0m 1.108 ms - 150[0m
[0mGET /admin/dashboard [32m200[0m 466.295 ms - 37263[0m
[0mGET /css/style.css?v=1770894405110 [32m200[0m 1.093 ms - 6417[0m
[0mGET /uploads/image-1770815843308-355735123.jpg [32m200[0m 2.187 ms - 198982[0m
[0mGET /assets/cert.png [33m404[0m 1.006 ms - 154[0m
[0mGET /favicon.ico [33m404[0m 1.072 ms - 150[0m
[0mGET /admin/dashboard [32m200[0m 385.585 ms - 37167[0m
[0mGET /uploads/image-1770815843308-355735123.jpg [36m304[0m 1.166 ms - -[0m
[0mGET /assets/cert.png [33m404[0m 0.981 ms - 154[0m
[0mGET /css/style.css?v=1770894525364 [32m200[0m 3.641 ms - 6417[0m
[0mGET /css/style.css?v=1770894525364 [36m304[0m 0.963 ms - -[0m
[0mGET /.well-known/appspecific/com.chrome.devtools.json [33m404[0m 0.852 ms - 187[0m
[0mGET /admin/dashboard [31m500[0m 418.370 ms - 2469[0m
[0mGET /admin/dashboard [31m500[0m 378.156 ms - 2469[0m
[0mGET /admin/dashboard [31m500[0m 399.330 ms - 2469[0m
[0mGET /admin/dashboard [31m500[0m 463.829 ms - 2469[0m
[0mGET /admin/dashboard [36m302[0m 0.663 ms - 41[0m
[0mGET /admin/login [32m200[0m 1.807 ms - 2090[0m
[0mGET /css/style.css?v=1770895044762 [32m200[0m 1.643 ms - 6417[0m
[0mGET /favicon.ico [33m404[0m 0.733 ms - 150[0m
[0mPOST /api/auth/login [36m302[0m 217.120 ms - 45[0m
[0mGET /admin/dashboard [31m500[0m 441.025 ms - 2469[0m
[0mGET /admin [36m302[0m 1.296 ms - 45[0m
[0mGET /admin/dashboard [31m500[0m 388.038 ms - 2469[0m
[0mGET /admin/login [36m302[0m 0.810 ms - 45[0m
[0mGET /admin/dashboard [31m500[0m 402.491 ms - 2469[0m
[0mGET /admin/certifications [32m200[0m 59.729 ms - 26139[0m
[0mGET /css/style.css?v=1770895201028 [32m200[0m 2.147 ms - 6417[0m
[0mGET /assets/cert.png [33m404[0m 1.940 ms - 154[0m
[0mGET /uploads/image-1770815843308-355735123.jpg [32m200[0m 3.828 ms - 198982[0m
[0mGET /uploads/image-1770811288019-449303635.png [32m200[0m 3.247 ms - 1104218[0m
[0mGET /admin/contacts [32m200[0m 131.298 ms - 12115[0m
[0mGET /css/style.css?v=1770895203281 [32m200[0m 0.994 ms - 6417[0m
[0mGET /admin/spotlight [32m200[0m 84.450 ms - 17926[0m
[0mGET /css/style.css?v=1770895203870 [32m200[0m 1.005 ms - 6417[0m
[0mGET /admin/projects [32m200[0m 190.114 ms - 25335[0m
[0mGET /css/style.css?v=1770895204549 [32m200[0m 2.069 ms - 6417[0m
[0mGET /admin/certifications [32m200[0m 44.316 ms - 26139[0m
[0mGET /uploads/image-1770815843308-355735123.jpg [36m304[0m 1.879 ms - -[0m
[0mGET /assets/cert.png [33m404[0m 4.419 ms - 154[0m
[0mGET /uploads/image-1770811288019-449303635.png [36m304[0m 4.705 ms - -[0m
[0mGET /css/style.css?v=1770895205035 [32m200[0m 8.862 ms - 6417[0m
[0mGET /api/auth/logout [36m302[0m 0.945 ms - 41[0m
[0mGET /admin/login [32m200[0m 5.639 ms - 2090[0m
[0mGET /css/style.css?v=1770895206265 [32m200[0m 1.396 ms - 6417[0m
[0mPOST /api/auth/login [36m302[0m 201.519 ms - 45[0m
[0mGET /admin/dashboard [31m500[0m 388.503 ms - 2469[0m
